<html>
<head>
<title>TestNG:  Test</title>
<link href="../testng.css" rel="stylesheet" type="text/css" />
<link href="../my-testng.css" rel="stylesheet" type="text/css" />

<style type="text/css">
.log { display: none;} 
.stack-trace { display: none;} 
</style>
<script type="text/javascript">
<!--
function flip(e) {
  current = e.style.display;
  if (current == 'block') {
    e.style.display = 'none';
    return 0;
  }
  else {
    e.style.display = 'block';
    return 1;
  }
}

function toggleBox(szDivId, elem, msg1, msg2)
{
  var res = -1;  if (document.getElementById) {
    res = flip(document.getElementById(szDivId));
  }
  else if (document.all) {
    // this is the way old msie versions work
    res = flip(document.all[szDivId]);
  }
  if(elem) {
    if(res == 0) elem.innerHTML = msg1; else elem.innerHTML = msg2;
  }

}

function toggleAllBoxes() {
  if (document.getElementsByTagName) {
    d = document.getElementsByTagName('div');
    for (i = 0; i < d.length; i++) {
      if (d[i].className == 'log') {
        flip(d[i]);
      }
    }
  }
}

// -->
</script>

</head>
<body>
<h2 align='center'>Test</h2><table border='1' align="center">
<tr>
<td>Tests passed/Failed/Skipped:</td><td>21/1/0</td>
</tr><tr>
<td>Started on:</td><td>Tue Jan 09 10:05:37 PST 2024</td>
</tr>
<tr><td>Total time:</td><td>139 seconds (139878 ms)</td>
</tr><tr>
<td>Included groups:</td><td></td>
</tr><tr>
<td>Excluded groups:</td><td></td>
</tr>
</table><p/>
<small><i>(Hover the method name to see the test class name)</i></small><p/>
<table width='100%' border='1' class='invocation-failed'>
<tr><td colspan='4' align='center'><b>FAILED TESTS</b></td></tr>
<tr><td><b>Test method</b></td>
<td width="30%"><b>Exception</b></td>
<td width="10%"><b>Time (seconds)</b></td>
<td><b>Instance</b></td>
</tr>
<tr>
<td title='com.tutorialsninja.qa.TestCases.AddToCartTest.addValidProductToCart()'><b>addValidProductToCart</b><br>Test class: com.tutorialsninja.qa.TestCases.AddToCartTest</td>
<td><div><pre>org.openqa.selenium.NoSuchElementException: Unable to find element with locator By.name: search
For documentation on this error, please visit: https://www.selenium.dev/documentation/webdriver/troubleshooting/errors#no-such-element-exception
Build info: version: &apos;4.15.0&apos;, revision: &apos;1d14b5521b&apos;
System info: os.name: &apos;Windows 10&apos;, os.arch: &apos;amd64&apos;, os.version: &apos;10.0&apos;, java.version: &apos;17.0.8&apos;
Driver info: driver.version: RemoteWebDriver
	at org.openqa.selenium.remote.ElementLocation$ElementFinder$2.findElement(ElementLocation.java:168)
	at org.openqa.selenium.remote.ElementLocation.findElement(ElementLocation.java:66)
	at org.openqa.selenium.remote.RemoteWebDriver.findElement(RemoteWebDriver.java:364)
	at org.openqa.selenium.remote.RemoteWebDriver.findElement(RemoteWebDriver.java:358)
	at org.openqa.selenium.support.pagefactory.DefaultElementLocator.findElement(DefaultElementLocator.java:68)
	at org.openqa.selenium.support.pagefactory.internal.LocatingElementHandler.invoke(LocatingElementHandler.java:38)
	at jdk.proxy2/jdk.proxy2.$Proxy15.sendKeys(Unknown Source)
	at com.tutorialsninja.qa.Pages.HomePage.enterProductDetail(HomePage.java:53)
	at com.tutorialsninja.qa.TestCases.AddToCartTest.addValidProductToCart(AddToCartTest.java:35)
... Removed 25 stack frames</pre></div><a href='#' onClick='toggleBox("stack-trace451486961", this, "Click to show all stack frames", "Click to hide stack frames")'>Click to show all stack frames</a>
<div class='stack-trace' id='stack-trace451486961'><pre>org.openqa.selenium.NoSuchElementException: Unable to find element with locator By.name: search
For documentation on this error, please visit: https://www.selenium.dev/documentation/webdriver/troubleshooting/errors#no-such-element-exception
Build info: version: &apos;4.15.0&apos;, revision: &apos;1d14b5521b&apos;
System info: os.name: &apos;Windows 10&apos;, os.arch: &apos;amd64&apos;, os.version: &apos;10.0&apos;, java.version: &apos;17.0.8&apos;
Driver info: driver.version: RemoteWebDriver
	at org.openqa.selenium.remote.ElementLocation$ElementFinder$2.findElement(ElementLocation.java:168)
	at org.openqa.selenium.remote.ElementLocation.findElement(ElementLocation.java:66)
	at org.openqa.selenium.remote.RemoteWebDriver.findElement(RemoteWebDriver.java:364)
	at org.openqa.selenium.remote.RemoteWebDriver.findElement(RemoteWebDriver.java:358)
	at org.openqa.selenium.support.pagefactory.DefaultElementLocator.findElement(DefaultElementLocator.java:68)
	at org.openqa.selenium.support.pagefactory.internal.LocatingElementHandler.invoke(LocatingElementHandler.java:38)
	at jdk.proxy2/jdk.proxy2.$Proxy15.sendKeys(Unknown Source)
	at com.tutorialsninja.qa.Pages.HomePage.enterProductDetail(HomePage.java:53)
	at com.tutorialsninja.qa.TestCases.AddToCartTest.addValidProductToCart(AddToCartTest.java:35)
	at java.base/jdk.internal.reflect.NativeMethodAccessorImpl.invoke0(Native Method)
	at java.base/jdk.internal.reflect.NativeMethodAccessorImpl.invoke(NativeMethodAccessorImpl.java:77)
	at java.base/jdk.internal.reflect.DelegatingMethodAccessorImpl.invoke(DelegatingMethodAccessorImpl.java:43)
	at java.base/java.lang.reflect.Method.invoke(Method.java:568)
	at org.testng.internal.MethodInvocationHelper.invokeMethod(MethodInvocationHelper.java:108)
	at org.testng.internal.Invoker.invokeMethod(Invoker.java:661)
	at org.testng.internal.Invoker.invokeTestMethod(Invoker.java:869)
	at org.testng.internal.Invoker.invokeTestMethods(Invoker.java:1193)
	at org.testng.internal.TestMethodWorker.invokeTestMethods(TestMethodWorker.java:126)
	at org.testng.internal.TestMethodWorker.run(TestMethodWorker.java:109)
	at org.testng.TestRunner.privateRun(TestRunner.java:744)
	at org.testng.TestRunner.run(TestRunner.java:602)
	at org.testng.SuiteRunner.runTest(SuiteRunner.java:380)
	at org.testng.SuiteRunner.runSequentially(SuiteRunner.java:375)
	at org.testng.SuiteRunner.privateRun(SuiteRunner.java:340)
	at org.testng.SuiteRunner.run(SuiteRunner.java:289)
	at org.testng.SuiteRunnerWorker.runSuite(SuiteRunnerWorker.java:52)
	at org.testng.SuiteRunnerWorker.run(SuiteRunnerWorker.java:86)
	at org.testng.TestNG.runSuitesSequentially(TestNG.java:1301)
	at org.testng.TestNG.runSuitesLocally(TestNG.java:1226)
	at org.testng.TestNG.runSuites(TestNG.java:1144)
	at org.testng.TestNG.run(TestNG.java:1115)
	at org.testng.remote.AbstractRemoteTestNG.run(AbstractRemoteTestNG.java:115)
	at org.testng.remote.RemoteTestNG.initAndRun(RemoteTestNG.java:251)
	at org.testng.remote.RemoteTestNG.main(RemoteTestNG.java:77)
</pre></div></td>
<td>0</td>
<td>com.tutorialsninja.qa.TestCases.AddToCartTest@5af97169</td></tr>
</table><p>
<table width='100%' border='1' class='invocation-passed'>
<tr><td colspan='4' align='center'><b>PASSED TESTS</b></td></tr>
<tr><td><b>Test method</b></td>
<td width="30%"><b>Exception</b></td>
<td width="10%"><b>Time (seconds)</b></td>
<td><b>Instance</b></td>
</tr>
<tr>
<td title='com.tutorialsninja.qa.TestCases.CheckOutTest.checkOutOfThePtoduct()'><b>checkOutOfThePtoduct</b><br>Test class: com.tutorialsninja.qa.TestCases.CheckOutTest</td>
<td></td>
<td>11</td>
<td>com.tutorialsninja.qa.TestCases.CheckOutTest@99a78d7</td></tr>
<tr>
<td title='com.tutorialsninja.qa.TestCases.SearchProductTest.erifySearchWithInvalidProduct()'><b>erifySearchWithInvalidProduct</b><br>Test class: com.tutorialsninja.qa.TestCases.SearchProductTest</td>
<td></td>
<td>0</td>
<td>com.tutorialsninja.qa.TestCases.SearchProductTest@1949309d</td></tr>
<tr>
<td title='com.tutorialsninja.qa.TestCases.SearchProductTest.erifySearchWithNoProduct()'><b>erifySearchWithNoProduct</b><br>Test class: com.tutorialsninja.qa.TestCases.SearchProductTest</td>
<td></td>
<td>1</td>
<td>com.tutorialsninja.qa.TestCases.SearchProductTest@1949309d</td></tr>
<tr>
<td title='com.tutorialsninja.qa.TestCases.LoginTest.verifyLoginWithInvalidCredentials()'><b>verifyLoginWithInvalidCredentials</b><br>Test class: com.tutorialsninja.qa.TestCases.LoginTest</td>
<td></td>
<td>0</td>
<td>com.tutorialsninja.qa.TestCases.LoginTest@57adfab0</td></tr>
<tr>
<td title='com.tutorialsninja.qa.TestCases.LoginTest.verifyLoginWithInvalidEmailValidPassword()'><b>verifyLoginWithInvalidEmailValidPassword</b><br>Test class: com.tutorialsninja.qa.TestCases.LoginTest</td>
<td></td>
<td>1</td>
<td>com.tutorialsninja.qa.TestCases.LoginTest@57adfab0</td></tr>
<tr>
<td title='com.tutorialsninja.qa.TestCases.LoginTest.verifyLoginWithNoCredentials()'><b>verifyLoginWithNoCredentials</b><br>Test class: com.tutorialsninja.qa.TestCases.LoginTest</td>
<td></td>
<td>0</td>
<td>com.tutorialsninja.qa.TestCases.LoginTest@57adfab0</td></tr>
<tr>
<td title='com.tutorialsninja.qa.TestCases.LoginTest.verifyLoginWithValidCredintials()'><b>verifyLoginWithValidCredintials</b><br>Test class: com.tutorialsninja.qa.TestCases.LoginTest<br>Parameters: seleniumpanda@gmail.com, Selenium@123</td>
<td></td>
<td>1</td>
<td>com.tutorialsninja.qa.TestCases.LoginTest@57adfab0</td></tr>
<tr>
<td title='com.tutorialsninja.qa.TestCases.LoginTest.verifyLoginWithValidCredintials()'><b>verifyLoginWithValidCredintials</b><br>Test class: com.tutorialsninja.qa.TestCases.LoginTest<br>Parameters: seleniumpanda1@gmail.com, Selenium@123</td>
<td></td>
<td>1</td>
<td>com.tutorialsninja.qa.TestCases.LoginTest@57adfab0</td></tr>
<tr>
<td title='com.tutorialsninja.qa.TestCases.LoginTest.verifyLoginWithValidCredintials()'><b>verifyLoginWithValidCredintials</b><br>Test class: com.tutorialsninja.qa.TestCases.LoginTest<br>Parameters: seleniumpanda2@gmail.com, Selenium@123</td>
<td></td>
<td>1</td>
<td>com.tutorialsninja.qa.TestCases.LoginTest@57adfab0</td></tr>
<tr>
<td title='com.tutorialsninja.qa.TestCases.LoginTest.verifyLoginWithValidCredintials()'><b>verifyLoginWithValidCredintials</b><br>Test class: com.tutorialsninja.qa.TestCases.LoginTest<br>Parameters: seleniumpanda3@gmail.com, Selenium@123</td>
<td></td>
<td>1</td>
<td>com.tutorialsninja.qa.TestCases.LoginTest@57adfab0</td></tr>
<tr>
<td title='com.tutorialsninja.qa.TestCases.LoginTest.verifyLoginWithValidCredintials()'><b>verifyLoginWithValidCredintials</b><br>Test class: com.tutorialsninja.qa.TestCases.LoginTest<br>Parameters: seleniumpanda4@gmail.com, Selenium@123</td>
<td></td>
<td>1</td>
<td>com.tutorialsninja.qa.TestCases.LoginTest@57adfab0</td></tr>
<tr>
<td title='com.tutorialsninja.qa.TestCases.LoginTest.verifyLoginWithValidCredintials()'><b>verifyLoginWithValidCredintials</b><br>Test class: com.tutorialsninja.qa.TestCases.LoginTest<br>Parameters: seleniumpanda5@gmail.com, Selenium@123</td>
<td></td>
<td>1</td>
<td>com.tutorialsninja.qa.TestCases.LoginTest@57adfab0</td></tr>
<tr>
<td title='com.tutorialsninja.qa.TestCases.LoginTest.verifyLoginWithValidCredintials()'><b>verifyLoginWithValidCredintials</b><br>Test class: com.tutorialsninja.qa.TestCases.LoginTest<br>Parameters: seleniumpanda6@gmail.com, Selenium@123</td>
<td></td>
<td>1</td>
<td>com.tutorialsninja.qa.TestCases.LoginTest@57adfab0</td></tr>
<tr>
<td title='com.tutorialsninja.qa.TestCases.LoginTest.verifyLoginWithValidCredintials()'><b>verifyLoginWithValidCredintials</b><br>Test class: com.tutorialsninja.qa.TestCases.LoginTest<br>Parameters: seleniumpanda7@gmail.com, Selenium@123</td>
<td></td>
<td>1</td>
<td>com.tutorialsninja.qa.TestCases.LoginTest@57adfab0</td></tr>
<tr>
<td title='com.tutorialsninja.qa.TestCases.LoginTest.verifyLoginWithValidEmailInvalidPassword()'><b>verifyLoginWithValidEmailInvalidPassword</b><br>Test class: com.tutorialsninja.qa.TestCases.LoginTest</td>
<td></td>
<td>0</td>
<td>com.tutorialsninja.qa.TestCases.LoginTest@57adfab0</td></tr>
<tr>
<td title='com.tutorialsninja.qa.TestCases.RegisterTest.verifyRegisterWithAllFields()'><b>verifyRegisterWithAllFields</b><br>Test class: com.tutorialsninja.qa.TestCases.RegisterTest</td>
<td></td>
<td>1</td>
<td>com.tutorialsninja.qa.TestCases.RegisterTest@42e22a53</td></tr>
<tr>
<td title='com.tutorialsninja.qa.TestCases.RegisterTest.verifyRegisterWithExistingEmail()'><b>verifyRegisterWithExistingEmail</b><br>Test class: com.tutorialsninja.qa.TestCases.RegisterTest</td>
<td></td>
<td>1</td>
<td>com.tutorialsninja.qa.TestCases.RegisterTest@42e22a53</td></tr>
<tr>
<td title='com.tutorialsninja.qa.TestCases.RegisterTest.verifyRegisterWithMandatoryFields()'><b>verifyRegisterWithMandatoryFields</b><br>Test class: com.tutorialsninja.qa.TestCases.RegisterTest</td>
<td></td>
<td>2</td>
<td>com.tutorialsninja.qa.TestCases.RegisterTest@42e22a53</td></tr>
<tr>
<td title='com.tutorialsninja.qa.TestCases.RegisterTest.verifyRegisterWithMismatchPassword()'><b>verifyRegisterWithMismatchPassword</b><br>Test class: com.tutorialsninja.qa.TestCases.RegisterTest</td>
<td></td>
<td>1</td>
<td>com.tutorialsninja.qa.TestCases.RegisterTest@42e22a53</td></tr>
<tr>
<td title='com.tutorialsninja.qa.TestCases.RegisterTest.verifyRegisterWithNofields()'><b>verifyRegisterWithNofields</b><br>Test class: com.tutorialsninja.qa.TestCases.RegisterTest</td>
<td></td>
<td>0</td>
<td>com.tutorialsninja.qa.TestCases.RegisterTest@42e22a53</td></tr>
<tr>
<td title='com.tutorialsninja.qa.TestCases.SearchProductTest.verifySearchWithValidProduct()'><b>verifySearchWithValidProduct</b><br>Test class: com.tutorialsninja.qa.TestCases.SearchProductTest</td>
<td></td>
<td>1</td>
<td>com.tutorialsninja.qa.TestCases.SearchProductTest@1949309d</td></tr>
</table><p>
</body>
</html>